<?xml version="1.0" encoding="UTF-8"?>
<!-- Generated by org.testng.reporters.JUnitReportReporter -->
<testsuite hostname="PRIYAS" failures="0" tests="1" name="com.hcl.Demo" time="0.007" errors="0" timestamp="2023-08-07T17:37:27 IST" skipped="0">
  <testcase classname="com.hcl.Demo" name="tc1" time="0.007"/>
</testsuite> <!-- com.hcl.Demo -->
